<?xml version="1.0" encoding="UTF-8"?>
<testsuite name="fr.cyann.geom.spatial.data.PointTest" tests="3" skipped="0" failures="0" errors="0" timestamp="2016-04-06T16:16:47" hostname="cyann" time="0.001">
  <properties/>
  <testcase name="testBinaryUnMarshall" classname="fr.cyann.geom.spatial.data.PointTest" time="0.0"/>
  <testcase name="testMarshall" classname="fr.cyann.geom.spatial.data.PointTest" time="0.0"/>
  <testcase name="testUnMarshall" classname="fr.cyann.geom.spatial.data.PointTest" time="0.0"/>
  <system-out><![CDATA[1
10.0
10.0
]]></system-out>
  <system-err><![CDATA[]]></system-err>
</testsuite>
