<?xml version="1.0" encoding="UTF-8"?>
<testsuite name="fr.cyann.geom.spatial.data.LineStringTest" tests="2" skipped="0" failures="0" errors="0" timestamp="2016-03-10T18:54:00" hostname="cyann" time="0.019">
  <properties/>
  <testcase name="testMarshall" classname="fr.cyann.geom.spatial.data.LineStringTest" time="0.01"/>
  <testcase name="testUnMarshall" classname="fr.cyann.geom.spatial.data.LineStringTest" time="0.008"/>
  <system-out><![CDATA[]]></system-out>
  <system-err><![CDATA[]]></system-err>
</testsuite>
