<?xml version="1.0" encoding="UTF-8"?>
<testsuite name="fr.cyann.geom.spatial.data.PolyhedralSurfaceTest" tests="2" skipped="0" failures="0" errors="0" timestamp="2016-04-06T16:16:47" hostname="cyann" time="0.001">
  <properties/>
  <testcase name="testMarshall" classname="fr.cyann.geom.spatial.data.PolyhedralSurfaceTest" time="0.001"/>
  <testcase name="testUnMarshall" classname="fr.cyann.geom.spatial.data.PolyhedralSurfaceTest" time="0.0"/>
  <system-out><![CDATA[]]></system-out>
  <system-err><![CDATA[]]></system-err>
</testsuite>
