<?xml version="1.0" encoding="UTF-8"?>
<testsuite name="ch.skyguide.geos.data.LineStringTest" tests="1" skipped="0" failures="0" errors="0" timestamp="2016-03-06T23:03:00" hostname="cyann" time="0.005">
  <properties/>
  <testcase name="testUnMarshall" classname="ch.skyguide.geos.data.LineStringTest" time="0.005"/>
  <system-out><![CDATA[]]></system-out>
  <system-err><![CDATA[]]></system-err>
</testsuite>
